<?xml version="1.0" encoding="UTF-8"?>
<!-- Generated by org.testng.reporters.JUnitXMLReporter -->
<testsuite hostname="DESKTOP-VLQB1T1" ignored="0" name="Default test" tests="3" failures="0" timestamp="14 Mar 2018 08:43:41 GMT" time="51.028" errors="0">
  <testcase name="opendashboard" time="14.2" classname="in.zipgo.automation_framework.tests.RegressionLevelthreeMembership"/>
  <testcase name="logintodashboard" time="7.234" classname="in.zipgo.automation_framework.tests.RegressionLevelthreeMembership"/>
  <testcase name="discountbasedmembership" time="29.555" classname="in.zipgo.automation_framework.tests.RegressionLevelthreeMembership"/>
</testsuite> <!-- Default test -->
