<?xml version="1.0" encoding="UTF-8"?>
<!-- Generated by org.testng.reporters.JUnitXMLReporter -->
<testsuite hostname="DESKTOP-VLQB1T1" ignored="0" name="Web Tests" tests="11" failures="5" timestamp="14 Feb 2018 06:22:37 GMT" time="912.617" errors="0">
  <testcase name="login_custapp" time="89.905" classname="in.zipgo.automation_framework.tests.RegressionLevelTwoCustomerApp"/>
  <testcase name="newrequest_custapp" time="94.433" classname="in.zipgo.automation_framework.tests.RegressionLevelTwoCustomerApp">
    <failure type="org.openqa.selenium.NoSuchElementException" message="An element could not be located on the page using the given search parameters. (WARNING: The server did not provide any stacktrace information)
Command duration or timeout: 40.33 seconds
For documentation on this error, please visit: http://seleniumhq.org/exceptions/no_such_element.html
Build info: version: &amp;apos;3.4.0&amp;apos;, revision: &amp;apos;unknown&amp;apos;, time: &amp;apos;unknown&amp;apos;
System info: host: &amp;apos;DESKTOP-VLQB1T1&amp;apos;, ip: &amp;apos;192.168.1.34&amp;apos;, os.name: &amp;apos;Windows 10&amp;apos;, os.arch: &amp;apos;amd64&amp;apos;, os.version: &amp;apos;10.0&amp;apos;, java.version: &amp;apos;1.8.0_144&amp;apos;
Driver info: io.appium.java_client.android.AndroidDriver
Capabilities [{networkConnectionEnabled=true, warnings={}, databaseEnabled=false, deviceName=TA385045DW, platform=LINUX, appActivity=com.zipgo.customer.activities.SplashActivity, desired={appActivity=com.zipgo.customer.activities.SplashActivity, platformVersion=6.0.0, browserName=, platformName=Android, deviceName=TA385045DW}, platformVersion=6.0, webStorageEnabled=false, locationContextEnabled=false, browserName=, takesScreenshot=true, javascriptEnabled=true, platformName=Android}]
Session ID: a84e88dc-b28f-4833-8c8d-ed0a86145e34
*** Element info: {Using=xpath, value=//*[@resource-id=&amp;apos;com.zipgo.customer:id/tv_pickup&amp;apos;]}">
      <![CDATA[org.openqa.selenium.NoSuchElementException: An element could not be located on the page using the given search parameters. (WARNING: The server did not provide any stacktrace information)
Command duration or timeout: 40.33 seconds
For documentation on this error, please visit: http://seleniumhq.org/exceptions/no_such_element.html
Build info: version: '3.4.0', revision: 'unknown', time: 'unknown'
System info: host: 'DESKTOP-VLQB1T1', ip: '192.168.1.34', os.name: 'Windows 10', os.arch: 'amd64', os.version: '10.0', java.version: '1.8.0_144'
Driver info: io.appium.java_client.android.AndroidDriver
Capabilities [{networkConnectionEnabled=true, warnings={}, databaseEnabled=false, deviceName=TA385045DW, platform=LINUX, appActivity=com.zipgo.customer.activities.SplashActivity, desired={appActivity=com.zipgo.customer.activities.SplashActivity, platformVersion=6.0.0, browserName=, platformName=Android, deviceName=TA385045DW}, platformVersion=6.0, webStorageEnabled=false, locationContextEnabled=false, browserName=, takesScreenshot=true, javascriptEnabled=true, platformName=Android}]
Session ID: a84e88dc-b28f-4833-8c8d-ed0a86145e34
*** Element info: {Using=xpath, value=//*[@resource-id='com.zipgo.customer:id/tv_pickup']}
	at org.openqa.selenium.remote.ErrorHandler.createThrowable(ErrorHandler.java:215)
	at org.openqa.selenium.remote.ErrorHandler.throwIfResponseFailed(ErrorHandler.java:167)
	at org.openqa.selenium.remote.RemoteWebDriver.execute(RemoteWebDriver.java:671)
	at io.appium.java_client.DefaultGenericMobileDriver.execute(DefaultGenericMobileDriver.java:40)
	at io.appium.java_client.AppiumDriver.execute(AppiumDriver.java:1)
	at io.appium.java_client.android.AndroidDriver.execute(AndroidDriver.java:1)
	at org.openqa.selenium.remote.RemoteWebDriver.findElement(RemoteWebDriver.java:410)
	at io.appium.java_client.DefaultGenericMobileDriver.findElement(DefaultGenericMobileDriver.java:56)
	at io.appium.java_client.AppiumDriver.findElement(AppiumDriver.java:1)
	at io.appium.java_client.android.AndroidDriver.findElement(AndroidDriver.java:1)
	at org.openqa.selenium.remote.RemoteWebDriver.findElementByXPath(RemoteWebDriver.java:509)
	at io.appium.java_client.DefaultGenericMobileDriver.findElementByXPath(DefaultGenericMobileDriver.java:134)
	at io.appium.java_client.AppiumDriver.findElementByXPath(AppiumDriver.java:1)
	at io.appium.java_client.android.AndroidDriver.findElementByXPath(AndroidDriver.java:1)
	at org.openqa.selenium.By$ByXPath.findElement(By.java:361)
	at org.openqa.selenium.remote.RemoteWebDriver.findElement(RemoteWebDriver.java:402)
	at io.appium.java_client.DefaultGenericMobileDriver.findElement(DefaultGenericMobileDriver.java:52)
	at io.appium.java_client.AppiumDriver.findElement(AppiumDriver.java:1)
	at io.appium.java_client.android.AndroidDriver.findElement(AndroidDriver.java:1)
	at in.zipgo.automation_framework.pages.mobile.CustomerApp.newreq(CustomerApp.java:373)
	at in.zipgo.automation_framework.tests.RegressionLevelTwoCustomerApp.newrequest_custapp(RegressionLevelTwoCustomerApp.java:96)
	at java.util.concurrent.ThreadPoolExecutor.runWorker(ThreadPoolExecutor.java:1149)
	at java.util.concurrent.ThreadPoolExecutor$Worker.run(ThreadPoolExecutor.java:624)
	at java.lang.Thread.run(Thread.java:748)
... Removed 14 stack frames]]>
    </failure>
  </testcase> <!-- newrequest_custapp -->
  <testcase name="valcustbal_newReq" time="5.027" classname="in.zipgo.automation_framework.tests.RegressionLevelTwoCustomerApp"/>
  <testcase name="editcustomerprofile_custapp" time="110.223" classname="in.zipgo.automation_framework.tests.RegressionLevelTwoCustomerApp"/>
  <testcase name="cancelbooking_custapp" time="48.163" classname="in.zipgo.automation_framework.tests.RegressionLevelTwoCustomerApp">
    <failure type="org.openqa.selenium.NoSuchElementException" message="An element could not be located on the page using the given search parameters. (WARNING: The server did not provide any stacktrace information)
Command duration or timeout: 40.09 seconds
For documentation on this error, please visit: http://seleniumhq.org/exceptions/no_such_element.html
Build info: version: &amp;apos;3.4.0&amp;apos;, revision: &amp;apos;unknown&amp;apos;, time: &amp;apos;unknown&amp;apos;
System info: host: &amp;apos;DESKTOP-VLQB1T1&amp;apos;, ip: &amp;apos;192.168.1.34&amp;apos;, os.name: &amp;apos;Windows 10&amp;apos;, os.arch: &amp;apos;amd64&amp;apos;, os.version: &amp;apos;10.0&amp;apos;, java.version: &amp;apos;1.8.0_144&amp;apos;
Driver info: io.appium.java_client.android.AndroidDriver
Capabilities [{networkConnectionEnabled=true, warnings={}, databaseEnabled=false, deviceName=TA385045DW, platform=LINUX, appActivity=com.zipgo.customer.activities.SplashActivity, desired={appActivity=com.zipgo.customer.activities.SplashActivity, platformVersion=6.0.0, browserName=, platformName=Android, deviceName=TA385045DW}, platformVersion=6.0, webStorageEnabled=false, locationContextEnabled=false, browserName=, takesScreenshot=true, javascriptEnabled=true, platformName=Android}]
Session ID: a84e88dc-b28f-4833-8c8d-ed0a86145e34
*** Element info: {Using=xpath, value=//*[@text=&amp;apos;Track&amp;apos;]}">
      <![CDATA[org.openqa.selenium.NoSuchElementException: An element could not be located on the page using the given search parameters. (WARNING: The server did not provide any stacktrace information)
Command duration or timeout: 40.09 seconds
For documentation on this error, please visit: http://seleniumhq.org/exceptions/no_such_element.html
Build info: version: '3.4.0', revision: 'unknown', time: 'unknown'
System info: host: 'DESKTOP-VLQB1T1', ip: '192.168.1.34', os.name: 'Windows 10', os.arch: 'amd64', os.version: '10.0', java.version: '1.8.0_144'
Driver info: io.appium.java_client.android.AndroidDriver
Capabilities [{networkConnectionEnabled=true, warnings={}, databaseEnabled=false, deviceName=TA385045DW, platform=LINUX, appActivity=com.zipgo.customer.activities.SplashActivity, desired={appActivity=com.zipgo.customer.activities.SplashActivity, platformVersion=6.0.0, browserName=, platformName=Android, deviceName=TA385045DW}, platformVersion=6.0, webStorageEnabled=false, locationContextEnabled=false, browserName=, takesScreenshot=true, javascriptEnabled=true, platformName=Android}]
Session ID: a84e88dc-b28f-4833-8c8d-ed0a86145e34
*** Element info: {Using=xpath, value=//*[@text='Track']}
	at org.openqa.selenium.remote.ErrorHandler.createThrowable(ErrorHandler.java:215)
	at org.openqa.selenium.remote.ErrorHandler.throwIfResponseFailed(ErrorHandler.java:167)
	at org.openqa.selenium.remote.RemoteWebDriver.execute(RemoteWebDriver.java:671)
	at io.appium.java_client.DefaultGenericMobileDriver.execute(DefaultGenericMobileDriver.java:40)
	at io.appium.java_client.AppiumDriver.execute(AppiumDriver.java:1)
	at io.appium.java_client.android.AndroidDriver.execute(AndroidDriver.java:1)
	at org.openqa.selenium.remote.RemoteWebDriver.findElement(RemoteWebDriver.java:410)
	at io.appium.java_client.DefaultGenericMobileDriver.findElement(DefaultGenericMobileDriver.java:56)
	at io.appium.java_client.AppiumDriver.findElement(AppiumDriver.java:1)
	at io.appium.java_client.android.AndroidDriver.findElement(AndroidDriver.java:1)
	at org.openqa.selenium.remote.RemoteWebDriver.findElementByXPath(RemoteWebDriver.java:509)
	at io.appium.java_client.DefaultGenericMobileDriver.findElementByXPath(DefaultGenericMobileDriver.java:134)
	at io.appium.java_client.AppiumDriver.findElementByXPath(AppiumDriver.java:1)
	at io.appium.java_client.android.AndroidDriver.findElementByXPath(AndroidDriver.java:1)
	at org.openqa.selenium.By$ByXPath.findElement(By.java:361)
	at org.openqa.selenium.remote.RemoteWebDriver.findElement(RemoteWebDriver.java:402)
	at io.appium.java_client.DefaultGenericMobileDriver.findElement(DefaultGenericMobileDriver.java:52)
	at io.appium.java_client.AppiumDriver.findElement(AppiumDriver.java:1)
	at io.appium.java_client.android.AndroidDriver.findElement(AndroidDriver.java:1)
	at in.zipgo.automation_framework.pages.mobile.CustomerApp.cancelbooking(CustomerApp.java:664)
	at in.zipgo.automation_framework.workflow.CustomerappleveloneImplementation.cancelbooking(CustomerappleveloneImplementation.java:44)
	at in.zipgo.automation_framework.tests.RegressionLevelTwoCustomerApp.cancelbooking_custapp(RegressionLevelTwoCustomerApp.java:119)
	at java.util.concurrent.ThreadPoolExecutor.runWorker(ThreadPoolExecutor.java:1149)
	at java.util.concurrent.ThreadPoolExecutor$Worker.run(ThreadPoolExecutor.java:624)
	at java.lang.Thread.run(Thread.java:748)
... Removed 14 stack frames]]>
    </failure>
  </testcase> <!-- cancelbooking_custapp -->
  <testcase name="customer_feedback" time="56.445" classname="in.zipgo.automation_framework.tests.RegressionLevelTwoCustomerApp"/>
  <testcase name="suggestnewroutes" time="85.686" classname="in.zipgo.automation_framework.tests.RegressionLevelTwoCustomerApp">
    <failure type="org.openqa.selenium.NoSuchElementException" message="An element could not be located on the page using the given search parameters. (WARNING: The server did not provide any stacktrace information)
Command duration or timeout: 40.36 seconds
For documentation on this error, please visit: http://seleniumhq.org/exceptions/no_such_element.html
Build info: version: &amp;apos;3.4.0&amp;apos;, revision: &amp;apos;unknown&amp;apos;, time: &amp;apos;unknown&amp;apos;
System info: host: &amp;apos;DESKTOP-VLQB1T1&amp;apos;, ip: &amp;apos;192.168.1.34&amp;apos;, os.name: &amp;apos;Windows 10&amp;apos;, os.arch: &amp;apos;amd64&amp;apos;, os.version: &amp;apos;10.0&amp;apos;, java.version: &amp;apos;1.8.0_144&amp;apos;
Driver info: io.appium.java_client.android.AndroidDriver
Capabilities [{networkConnectionEnabled=true, warnings={}, databaseEnabled=false, deviceName=TA385045DW, platform=LINUX, appActivity=com.zipgo.customer.activities.SplashActivity, desired={appActivity=com.zipgo.customer.activities.SplashActivity, platformVersion=6.0.0, browserName=, platformName=Android, deviceName=TA385045DW}, platformVersion=6.0, webStorageEnabled=false, locationContextEnabled=false, browserName=, takesScreenshot=true, javascriptEnabled=true, platformName=Android}]
Session ID: a84e88dc-b28f-4833-8c8d-ed0a86145e34
*** Element info: {Using=xpath, value=//*[@resource-id=&amp;apos;com.zipgo.customer:id/tv_forward_time&amp;apos;]}">
      <![CDATA[org.openqa.selenium.NoSuchElementException: An element could not be located on the page using the given search parameters. (WARNING: The server did not provide any stacktrace information)
Command duration or timeout: 40.36 seconds
For documentation on this error, please visit: http://seleniumhq.org/exceptions/no_such_element.html
Build info: version: '3.4.0', revision: 'unknown', time: 'unknown'
System info: host: 'DESKTOP-VLQB1T1', ip: '192.168.1.34', os.name: 'Windows 10', os.arch: 'amd64', os.version: '10.0', java.version: '1.8.0_144'
Driver info: io.appium.java_client.android.AndroidDriver
Capabilities [{networkConnectionEnabled=true, warnings={}, databaseEnabled=false, deviceName=TA385045DW, platform=LINUX, appActivity=com.zipgo.customer.activities.SplashActivity, desired={appActivity=com.zipgo.customer.activities.SplashActivity, platformVersion=6.0.0, browserName=, platformName=Android, deviceName=TA385045DW}, platformVersion=6.0, webStorageEnabled=false, locationContextEnabled=false, browserName=, takesScreenshot=true, javascriptEnabled=true, platformName=Android}]
Session ID: a84e88dc-b28f-4833-8c8d-ed0a86145e34
*** Element info: {Using=xpath, value=//*[@resource-id='com.zipgo.customer:id/tv_forward_time']}
	at org.openqa.selenium.remote.ErrorHandler.createThrowable(ErrorHandler.java:215)
	at org.openqa.selenium.remote.ErrorHandler.throwIfResponseFailed(ErrorHandler.java:167)
	at org.openqa.selenium.remote.RemoteWebDriver.execute(RemoteWebDriver.java:671)
	at io.appium.java_client.DefaultGenericMobileDriver.execute(DefaultGenericMobileDriver.java:40)
	at io.appium.java_client.AppiumDriver.execute(AppiumDriver.java:1)
	at io.appium.java_client.android.AndroidDriver.execute(AndroidDriver.java:1)
	at org.openqa.selenium.remote.RemoteWebDriver.findElement(RemoteWebDriver.java:410)
	at io.appium.java_client.DefaultGenericMobileDriver.findElement(DefaultGenericMobileDriver.java:56)
	at io.appium.java_client.AppiumDriver.findElement(AppiumDriver.java:1)
	at io.appium.java_client.android.AndroidDriver.findElement(AndroidDriver.java:1)
	at org.openqa.selenium.remote.RemoteWebDriver.findElementByXPath(RemoteWebDriver.java:509)
	at io.appium.java_client.DefaultGenericMobileDriver.findElementByXPath(DefaultGenericMobileDriver.java:134)
	at io.appium.java_client.AppiumDriver.findElementByXPath(AppiumDriver.java:1)
	at io.appium.java_client.android.AndroidDriver.findElementByXPath(AndroidDriver.java:1)
	at org.openqa.selenium.By$ByXPath.findElement(By.java:361)
	at org.openqa.selenium.remote.RemoteWebDriver.findElement(RemoteWebDriver.java:402)
	at io.appium.java_client.DefaultGenericMobileDriver.findElement(DefaultGenericMobileDriver.java:52)
	at io.appium.java_client.AppiumDriver.findElement(AppiumDriver.java:1)
	at io.appium.java_client.android.AndroidDriver.findElement(AndroidDriver.java:1)
	at in.zipgo.automation_framework.pages.mobile.CustomerApp.suggest_new_routest(CustomerApp.java:1028)
	at in.zipgo.automation_framework.workflow.CustomerappleveloneImplementation.suggest_new_Routes(CustomerappleveloneImplementation.java:64)
	at in.zipgo.automation_framework.tests.RegressionLevelTwoCustomerApp.suggestnewroutes(RegressionLevelTwoCustomerApp.java:137)
	at java.util.concurrent.ThreadPoolExecutor.runWorker(ThreadPoolExecutor.java:1149)
	at java.util.concurrent.ThreadPoolExecutor$Worker.run(ThreadPoolExecutor.java:624)
	at java.lang.Thread.run(Thread.java:748)
... Removed 14 stack frames]]>
    </failure>
  </testcase> <!-- suggestnewroutes -->
  <testcase name="routes" time="80.754" classname="in.zipgo.automation_framework.tests.RegressionLevelTwoCustomerApp"/>
  <testcase name="changehome_work_location" time="134.367" classname="in.zipgo.automation_framework.tests.RegressionLevelTwoCustomerApp"/>
  <testcase name="ractrip" time="164.931" classname="in.zipgo.automation_framework.tests.RegressionLevelTwoCustomerApp">
    <failure type="org.openqa.selenium.NoSuchElementException" message="An element could not be located on the page using the given search parameters. (WARNING: The server did not provide any stacktrace information)
Command duration or timeout: 40.38 seconds
For documentation on this error, please visit: http://seleniumhq.org/exceptions/no_such_element.html
Build info: version: &amp;apos;3.4.0&amp;apos;, revision: &amp;apos;unknown&amp;apos;, time: &amp;apos;unknown&amp;apos;
System info: host: &amp;apos;DESKTOP-VLQB1T1&amp;apos;, ip: &amp;apos;192.168.1.34&amp;apos;, os.name: &amp;apos;Windows 10&amp;apos;, os.arch: &amp;apos;amd64&amp;apos;, os.version: &amp;apos;10.0&amp;apos;, java.version: &amp;apos;1.8.0_144&amp;apos;
Driver info: io.appium.java_client.android.AndroidDriver
Capabilities [{networkConnectionEnabled=true, warnings={}, databaseEnabled=false, deviceName=TA385045DW, platform=LINUX, appActivity=com.zipgo.customer.activities.SplashActivity, desired={appActivity=com.zipgo.customer.activities.SplashActivity, platformVersion=6.0.0, browserName=, platformName=Android, deviceName=TA385045DW}, platformVersion=6.0, webStorageEnabled=false, locationContextEnabled=false, browserName=, takesScreenshot=true, javascriptEnabled=true, platformName=Android}]
Session ID: a84e88dc-b28f-4833-8c8d-ed0a86145e34
*** Element info: {Using=xpath, value=//*[@resource-id=&amp;apos;com.zipgo.customer:id/btn_rac_reserve&amp;apos;]}">
      <![CDATA[org.openqa.selenium.NoSuchElementException: An element could not be located on the page using the given search parameters. (WARNING: The server did not provide any stacktrace information)
Command duration or timeout: 40.38 seconds
For documentation on this error, please visit: http://seleniumhq.org/exceptions/no_such_element.html
Build info: version: '3.4.0', revision: 'unknown', time: 'unknown'
System info: host: 'DESKTOP-VLQB1T1', ip: '192.168.1.34', os.name: 'Windows 10', os.arch: 'amd64', os.version: '10.0', java.version: '1.8.0_144'
Driver info: io.appium.java_client.android.AndroidDriver
Capabilities [{networkConnectionEnabled=true, warnings={}, databaseEnabled=false, deviceName=TA385045DW, platform=LINUX, appActivity=com.zipgo.customer.activities.SplashActivity, desired={appActivity=com.zipgo.customer.activities.SplashActivity, platformVersion=6.0.0, browserName=, platformName=Android, deviceName=TA385045DW}, platformVersion=6.0, webStorageEnabled=false, locationContextEnabled=false, browserName=, takesScreenshot=true, javascriptEnabled=true, platformName=Android}]
Session ID: a84e88dc-b28f-4833-8c8d-ed0a86145e34
*** Element info: {Using=xpath, value=//*[@resource-id='com.zipgo.customer:id/btn_rac_reserve']}
	at org.openqa.selenium.remote.ErrorHandler.createThrowable(ErrorHandler.java:215)
	at org.openqa.selenium.remote.ErrorHandler.throwIfResponseFailed(ErrorHandler.java:167)
	at org.openqa.selenium.remote.RemoteWebDriver.execute(RemoteWebDriver.java:671)
	at io.appium.java_client.DefaultGenericMobileDriver.execute(DefaultGenericMobileDriver.java:40)
	at io.appium.java_client.AppiumDriver.execute(AppiumDriver.java:1)
	at io.appium.java_client.android.AndroidDriver.execute(AndroidDriver.java:1)
	at org.openqa.selenium.remote.RemoteWebDriver.findElement(RemoteWebDriver.java:410)
	at io.appium.java_client.DefaultGenericMobileDriver.findElement(DefaultGenericMobileDriver.java:56)
	at io.appium.java_client.AppiumDriver.findElement(AppiumDriver.java:1)
	at io.appium.java_client.android.AndroidDriver.findElement(AndroidDriver.java:1)
	at org.openqa.selenium.remote.RemoteWebDriver.findElementByXPath(RemoteWebDriver.java:509)
	at io.appium.java_client.DefaultGenericMobileDriver.findElementByXPath(DefaultGenericMobileDriver.java:134)
	at io.appium.java_client.AppiumDriver.findElementByXPath(AppiumDriver.java:1)
	at io.appium.java_client.android.AndroidDriver.findElementByXPath(AndroidDriver.java:1)
	at org.openqa.selenium.By$ByXPath.findElement(By.java:361)
	at org.openqa.selenium.remote.RemoteWebDriver.findElement(RemoteWebDriver.java:402)
	at io.appium.java_client.DefaultGenericMobileDriver.findElement(DefaultGenericMobileDriver.java:52)
	at io.appium.java_client.AppiumDriver.findElement(AppiumDriver.java:1)
	at io.appium.java_client.android.AndroidDriver.findElement(AndroidDriver.java:1)
	at in.zipgo.automation_framework.pages.mobile.CustomerApp.newreq_racTrip(CustomerApp.java:774)
	at in.zipgo.automation_framework.tests.RegressionLevelTwoCustomerApp.ractrip(RegressionLevelTwoCustomerApp.java:154)
	at java.util.concurrent.ThreadPoolExecutor.runWorker(ThreadPoolExecutor.java:1149)
	at java.util.concurrent.ThreadPoolExecutor$Worker.run(ThreadPoolExecutor.java:624)
	at java.lang.Thread.run(Thread.java:748)
... Removed 14 stack frames]]>
    </failure>
  </testcase> <!-- ractrip -->
  <testcase name="logout_customerapp" time="42.602" classname="in.zipgo.automation_framework.tests.RegressionLevelTwoCustomerApp">
    <failure type="org.openqa.selenium.NoSuchElementException" message="An element could not be located on the page using the given search parameters. (WARNING: The server did not provide any stacktrace information)
Command duration or timeout: 40.59 seconds
For documentation on this error, please visit: http://seleniumhq.org/exceptions/no_such_element.html
Build info: version: &amp;apos;3.4.0&amp;apos;, revision: &amp;apos;unknown&amp;apos;, time: &amp;apos;unknown&amp;apos;
System info: host: &amp;apos;DESKTOP-VLQB1T1&amp;apos;, ip: &amp;apos;192.168.1.34&amp;apos;, os.name: &amp;apos;Windows 10&amp;apos;, os.arch: &amp;apos;amd64&amp;apos;, os.version: &amp;apos;10.0&amp;apos;, java.version: &amp;apos;1.8.0_144&amp;apos;
Driver info: io.appium.java_client.android.AndroidDriver
Capabilities [{networkConnectionEnabled=true, warnings={}, databaseEnabled=false, deviceName=TA385045DW, platform=LINUX, appActivity=com.zipgo.customer.activities.SplashActivity, desired={appActivity=com.zipgo.customer.activities.SplashActivity, platformVersion=6.0.0, browserName=, platformName=Android, deviceName=TA385045DW}, platformVersion=6.0, webStorageEnabled=false, locationContextEnabled=false, browserName=, takesScreenshot=true, javascriptEnabled=true, platformName=Android}]
Session ID: a84e88dc-b28f-4833-8c8d-ed0a86145e34
*** Element info: {Using=xpath, value=//*[@resource-id=&amp;apos;com.zipgo.customer:id/menu_btn&amp;apos;]}">
      <![CDATA[org.openqa.selenium.NoSuchElementException: An element could not be located on the page using the given search parameters. (WARNING: The server did not provide any stacktrace information)
Command duration or timeout: 40.59 seconds
For documentation on this error, please visit: http://seleniumhq.org/exceptions/no_such_element.html
Build info: version: '3.4.0', revision: 'unknown', time: 'unknown'
System info: host: 'DESKTOP-VLQB1T1', ip: '192.168.1.34', os.name: 'Windows 10', os.arch: 'amd64', os.version: '10.0', java.version: '1.8.0_144'
Driver info: io.appium.java_client.android.AndroidDriver
Capabilities [{networkConnectionEnabled=true, warnings={}, databaseEnabled=false, deviceName=TA385045DW, platform=LINUX, appActivity=com.zipgo.customer.activities.SplashActivity, desired={appActivity=com.zipgo.customer.activities.SplashActivity, platformVersion=6.0.0, browserName=, platformName=Android, deviceName=TA385045DW}, platformVersion=6.0, webStorageEnabled=false, locationContextEnabled=false, browserName=, takesScreenshot=true, javascriptEnabled=true, platformName=Android}]
Session ID: a84e88dc-b28f-4833-8c8d-ed0a86145e34
*** Element info: {Using=xpath, value=//*[@resource-id='com.zipgo.customer:id/menu_btn']}
	at org.openqa.selenium.remote.ErrorHandler.createThrowable(ErrorHandler.java:215)
	at org.openqa.selenium.remote.ErrorHandler.throwIfResponseFailed(ErrorHandler.java:167)
	at org.openqa.selenium.remote.RemoteWebDriver.execute(RemoteWebDriver.java:671)
	at io.appium.java_client.DefaultGenericMobileDriver.execute(DefaultGenericMobileDriver.java:40)
	at io.appium.java_client.AppiumDriver.execute(AppiumDriver.java:1)
	at io.appium.java_client.android.AndroidDriver.execute(AndroidDriver.java:1)
	at org.openqa.selenium.remote.RemoteWebDriver.findElement(RemoteWebDriver.java:410)
	at io.appium.java_client.DefaultGenericMobileDriver.findElement(DefaultGenericMobileDriver.java:56)
	at io.appium.java_client.AppiumDriver.findElement(AppiumDriver.java:1)
	at io.appium.java_client.android.AndroidDriver.findElement(AndroidDriver.java:1)
	at org.openqa.selenium.remote.RemoteWebDriver.findElementByXPath(RemoteWebDriver.java:509)
	at io.appium.java_client.DefaultGenericMobileDriver.findElementByXPath(DefaultGenericMobileDriver.java:134)
	at io.appium.java_client.AppiumDriver.findElementByXPath(AppiumDriver.java:1)
	at io.appium.java_client.android.AndroidDriver.findElementByXPath(AndroidDriver.java:1)
	at org.openqa.selenium.By$ByXPath.findElement(By.java:361)
	at org.openqa.selenium.remote.RemoteWebDriver.findElement(RemoteWebDriver.java:402)
	at io.appium.java_client.DefaultGenericMobileDriver.findElement(DefaultGenericMobileDriver.java:52)
	at io.appium.java_client.AppiumDriver.findElement(AppiumDriver.java:1)
	at io.appium.java_client.android.AndroidDriver.findElement(AndroidDriver.java:1)
	at in.zipgo.automation_framework.pages.mobile.CustomerApp.custlogout(CustomerApp.java:1197)
	at in.zipgo.automation_framework.workflow.CustomerappleveloneImplementation.log_out_cust_app(CustomerappleveloneImplementation.java:70)
	at in.zipgo.automation_framework.tests.RegressionLevelTwoCustomerApp.logout_customerapp(RegressionLevelTwoCustomerApp.java:160)
	at java.util.concurrent.ThreadPoolExecutor.runWorker(ThreadPoolExecutor.java:1149)
	at java.util.concurrent.ThreadPoolExecutor$Worker.run(ThreadPoolExecutor.java:624)
	at java.lang.Thread.run(Thread.java:748)
... Removed 14 stack frames]]>
    </failure>
  </testcase> <!-- logout_customerapp -->
</testsuite> <!-- Web Tests -->
